<?xml version="1.0" encoding="UTF-8"?>
<!DOCTYPE coverage SYSTEM "http://cobertura.sourceforge.net/xml/coverage-04.dtd">
<coverage line-rate="0.8455843469064" branch-rate="0" lines-covered="1599" lines-valid="1891" branches-covered="0" branches-valid="0" complexity="787" version="0.4" timestamp="1734538606">
  <sources>
    <source>/home/massicheklat/Documents/s5/automatisation/PrivateBin/lib</source>
  </sources>
  <packages>
    <package name="Configuration.php" line-rate="0.90291262135922" branch-rate="0" complexity="41">
      <classes>
        <class name="PrivateBin\Configuration" filename="Configuration.php" line-rate="0.90291262135922" branch-rate="0" complexity="41">
          <methods>
            <method name="__construct" signature="" line-rate="0.8936170212766" branch-rate="0" complexity="35">
              <lines>
                <line number="109" hits="160"/>
                <line number="110" hits="160"/>
                <line number="111" hits="160"/>
                <line number="112" hits="160"/>
                <line number="113" hits="1"/>
                <line number="115" hits="160"/>
                <line number="116" hits="160"/>
                <line number="117" hits="160"/>
                <line number="118" hits="160"/>
                <line number="119" hits="158"/>
                <line number="120" hits="158"/>
                <line number="121" hits="158"/>
                <line number="122" hits="4"/>
                <line number="125" hits="154"/>
                <line number="129" hits="156"/>
                <line number="130" hits="156"/>
                <line number="132" hits="156"/>
                <line number="133" hits="146"/>
                <line number="134" hits="146"/>
                <line number="135" hits="6"/>
                <line number="137" hits="146"/>
                <line number="141" hits="150"/>
                <line number="142" hits="150"/>
                <line number="143" hits="150"/>
                <line number="144" hits="150"/>
                <line number="146" hits="58"/>
                <line number="147" hits="58"/>
                <line number="148" hits="58"/>
                <line number="149" hits="58"/>
                <line number="150" hits="58"/>
                <line number="151" hits="58"/>
                <line number="152" hits="58"/>
                <line number="154" hits="150"/>
                <line number="155" hits="150"/>
                <line number="156" hits="150"/>
                <line number="157" hits="150"/>
                <line number="159" hits="36"/>
                <line number="160" hits="36"/>
                <line number="161" hits="36"/>
                <line number="162" hits="36"/>
                <line number="163" hits="36"/>
                <line number="165" hits="150"/>
                <line number="166" hits="150"/>
                <line number="167" hits="150"/>
                <line number="168" hits="150"/>
                <line number="170" hits="0"/>
                <line number="171" hits="0"/>
                <line number="172" hits="0"/>
                <line number="173" hits="0"/>
                <line number="174" hits="0"/>
                <line number="175" hits="0"/>
                <line number="176" hits="0"/>
                <line number="177" hits="0"/>
                <line number="178" hits="0"/>
                <line number="179" hits="0"/>
                <line number="184" hits="150"/>
                <line number="185" hits="150"/>
                <line number="186" hits="150"/>
                <line number="188" hits="150"/>
                <line number="189" hits="150"/>
                <line number="191" hits="150"/>
                <line number="195" hits="150"/>
                <line number="196" hits="150"/>
                <line number="197" hits="57"/>
                <line number="199" hits="150"/>
                <line number="200" hits="150"/>
                <line number="201" hits="150"/>
                <line number="202" hits="36"/>
                <line number="203" hits="150"/>
                <line number="204" hits="150"/>
                <line number="205" hits="150"/>
                <line number="206" hits="1"/>
                <line number="207" hits="150"/>
                <line number="208" hits="1"/>
                <line number="210" hits="150"/>
                <line number="212" hits="150"/>
                <line number="213" hits="150"/>
                <line number="214" hits="150"/>
                <line number="215" hits="150"/>
                <line number="218" hits="150"/>
                <line number="224" hits="156"/>
                <line number="225" hits="156"/>
                <line number="226" hits="156"/>
                <line number="227" hits="156"/>
                <line number="229" hits="156"/>
                <line number="230" hits="156"/>
                <line number="231" hits="156"/>
                <line number="232" hits="156"/>
                <line number="233" hits="156"/>
                <line number="236" hits="156"/>
                <line number="237" hits="1"/>
                <line number="242" hits="156"/>
                <line number="243" hits="156"/>
                <line number="245" hits="1"/>
              </lines>
            </method>
            <method name="get" signature="" line-rate="1" branch-rate="0" complexity="1">
              <lines>
                <line number="256" hits="6"/>
              </lines>
            </method>
            <method name="getDefaults" signature="" line-rate="1" branch-rate="0" complexity="1">
              <lines>
                <line number="266" hits="157"/>
              </lines>
            </method>
            <method name="getKey" signature="$key, $section" line-rate="1" branch-rate="0" complexity="2">
              <lines>
                <line number="279" hits="149"/>
                <line number="280" hits="149"/>
                <line number="281" hits="1"/>
                <line number="283" hits="148"/>
              </lines>
            </method>
            <method name="getSection" signature="$section" line-rate="1" branch-rate="0" complexity="2">
              <lines>
                <line number="295" hits="149"/>
                <line number="296" hits="1"/>
                <line number="298" hits="149"/>
              </lines>
            </method>
          </methods>
          <lines>
            <line number="109" hits="160"/>
            <line number="110" hits="160"/>
            <line number="111" hits="160"/>
            <line number="112" hits="160"/>
            <line number="113" hits="1"/>
            <line number="115" hits="160"/>
            <line number="116" hits="160"/>
            <line number="117" hits="160"/>
            <line number="118" hits="160"/>
            <line number="119" hits="158"/>
            <line number="120" hits="158"/>
            <line number="121" hits="158"/>
            <line number="122" hits="4"/>
            <line number="125" hits="154"/>
            <line number="129" hits="156"/>
            <line number="130" hits="156"/>
            <line number="132" hits="156"/>
            <line number="133" hits="146"/>
            <line number="134" hits="146"/>
            <line number="135" hits="6"/>
            <line number="137" hits="146"/>
            <line number="141" hits="150"/>
            <line number="142" hits="150"/>
            <line number="143" hits="150"/>
            <line number="144" hits="150"/>
            <line number="146" hits="58"/>
            <line number="147" hits="58"/>
            <line number="148" hits="58"/>
            <line number="149" hits="58"/>
            <line number="150" hits="58"/>
            <line number="151" hits="58"/>
            <line number="152" hits="58"/>
            <line number="154" hits="150"/>
            <line number="155" hits="150"/>
            <line number="156" hits="150"/>
            <line number="157" hits="150"/>
            <line number="159" hits="36"/>
            <line number="160" hits="36"/>
            <line number="161" hits="36"/>
            <line number="162" hits="36"/>
            <line number="163" hits="36"/>
            <line number="165" hits="150"/>
            <line number="166" hits="150"/>
            <line number="167" hits="150"/>
            <line number="168" hits="150"/>
            <line number="170" hits="0"/>
            <line number="171" hits="0"/>
            <line number="172" hits="0"/>
            <line number="173" hits="0"/>
            <line number="174" hits="0"/>
            <line number="175" hits="0"/>
            <line number="176" hits="0"/>
            <line number="177" hits="0"/>
            <line number="178" hits="0"/>
            <line number="179" hits="0"/>
            <line number="184" hits="150"/>
            <line number="185" hits="150"/>
            <line number="186" hits="150"/>
            <line number="188" hits="150"/>
            <line number="189" hits="150"/>
            <line number="191" hits="150"/>
            <line number="195" hits="150"/>
            <line number="196" hits="150"/>
            <line number="197" hits="57"/>
            <line number="199" hits="150"/>
            <line number="200" hits="150"/>
            <line number="201" hits="150"/>
            <line number="202" hits="36"/>
            <line number="203" hits="150"/>
            <line number="204" hits="150"/>
            <line number="205" hits="150"/>
            <line number="206" hits="1"/>
            <line number="207" hits="150"/>
            <line number="208" hits="1"/>
            <line number="210" hits="150"/>
            <line number="212" hits="150"/>
            <line number="213" hits="150"/>
            <line number="214" hits="150"/>
            <line number="215" hits="150"/>
            <line number="218" hits="150"/>
            <line number="224" hits="156"/>
            <line number="225" hits="156"/>
            <line number="226" hits="156"/>
            <line number="227" hits="156"/>
            <line number="229" hits="156"/>
            <line number="230" hits="156"/>
            <line number="231" hits="156"/>
            <line number="232" hits="156"/>
            <line number="233" hits="156"/>
            <line number="236" hits="156"/>
            <line number="237" hits="1"/>
            <line number="242" hits="156"/>
            <line number="243" hits="156"/>
            <line number="245" hits="1"/>
            <line number="256" hits="6"/>
            <line number="266" hits="157"/>
            <line number="279" hits="149"/>
            <line number="280" hits="149"/>
            <line number="281" hits="1"/>
            <line number="283" hits="148"/>
            <line number="295" hits="149"/>
            <line number="296" hits="1"/>
            <line number="298" hits="149"/>
          </lines>
        </class>
      </classes>
    </package>
    <package name="Controller.php" line-rate="0.98989898989899" branch-rate="0" complexity="50">
      <classes>
        <class name="PrivateBin\Controller" filename="Controller.php" line-rate="0.98989898989899" branch-rate="0" complexity="50">
          <methods>
            <method name="__construct" signature="" line-rate="0.93548387096774" branch-rate="0" complexity="10">
              <lines>
                <line number="113" hits="123"/>
                <line number="114" hits="0"/>
                <line number="116" hits="123"/>
                <line number="117" hits="0"/>
                <line number="121" hits="123"/>
                <line number="123" hits="120"/>
                <line number="124" hits="120"/>
                <line number="125" hits="56"/>
                <line number="126" hits="56"/>
                <line number="127" hits="64"/>
                <line number="128" hits="23"/>
                <line number="129" hits="23"/>
                <line number="130" hits="23"/>
                <line number="131" hits="23"/>
                <line number="132" hits="23"/>
                <line number="133" hits="41"/>
                <line number="134" hits="25"/>
                <line number="135" hits="25"/>
                <line number="136" hits="16"/>
                <line number="137" hits="5"/>
                <line number="138" hits="5"/>
                <line number="139" hits="11"/>
                <line number="140" hits="2"/>
                <line number="141" hits="2"/>
                <line number="145" hits="115"/>
                <line number="146" hits="83"/>
                <line number="147" hits="83"/>
                <line number="148" hits="83"/>
                <line number="149" hits="83"/>
                <line number="150" hits="83"/>
                <line number="152" hits="32"/>
              </lines>
            </method>
            <method name="_init" signature="" line-rate="1" branch-rate="0" complexity="3">
              <lines>
                <line number="164" hits="123"/>
                <line number="165" hits="120"/>
                <line number="166" hits="120"/>
                <line number="167" hits="120"/>
                <line number="170" hits="120"/>
                <line number="171" hits="120"/>
                <line number="173" hits="120"/>
                <line number="174" hits="3"/>
                <line number="175" hits="3"/>
              </lines>
            </method>
            <method name="_create" signature="" line-rate="1" branch-rate="0" complexity="11">
              <lines>
                <line number="202" hits="56"/>
                <line number="203" hits="56"/>
                <line number="204" hits="56"/>
                <line number="206" hits="56"/>
                <line number="207" hits="3"/>
                <line number="208" hits="3"/>
                <line number="209" hits="3"/>
                <line number="212" hits="56"/>
                <line number="213" hits="56"/>
                <line number="214" hits="56"/>
                <line number="215" hits="56"/>
                <line number="216" hits="56"/>
                <line number="217" hits="56"/>
                <line number="218" hits="6"/>
                <line number="219" hits="6"/>
                <line number="221" hits="50"/>
                <line number="223" hits="50"/>
                <line number="224" hits="3"/>
                <line number="225" hits="3"/>
                <line number="226" hits="3"/>
                <line number="227" hits="3"/>
                <line number="228" hits="3"/>
                <line number="229" hits="3"/>
                <line number="230" hits="3"/>
                <line number="231" hits="3"/>
                <line number="235" hits="47"/>
                <line number="236" hits="15"/>
                <line number="237" hits="15"/>
                <line number="239" hits="12"/>
                <line number="240" hits="9"/>
                <line number="241" hits="9"/>
                <line number="242" hits="9"/>
                <line number="243" hits="9"/>
                <line number="244" hits="9"/>
                <line number="246" hits="3"/>
                <line number="248" hits="3"/>
                <line number="253" hits="32"/>
                <line number="254" hits="32"/>
                <line number="256" hits="32"/>
                <line number="257" hits="26"/>
                <line number="258" hits="9"/>
                <line number="259" hits="9"/>
                <line number="261" hits="23"/>
              </lines>
            </method>
            <method name="_delete" signature="$dataid, $deletetoken" line-rate="1" branch-rate="0" complexity="6">
              <lines>
                <line number="275" hits="23"/>
                <line number="276" hits="20"/>
                <line number="279" hits="17"/>
                <line number="280" hits="14"/>
                <line number="282" hits="8"/>
                <line number="283" hits="8"/>
                <line number="285" hits="6"/>
                <line number="288" hits="17"/>
                <line number="290" hits="6"/>
                <line number="291" hits="6"/>
                <line number="293" hits="23"/>
                <line number="294" hits="5"/>
                <line number="295" hits="3"/>
                <line number="297" hits="2"/>
              </lines>
            </method>
            <method name="_read" signature="$dataid" line-rate="1" branch-rate="0" complexity="5">
              <lines>
                <line number="310" hits="25"/>
                <line number="311" hits="3"/>
                <line number="315" hits="22"/>
                <line number="316" hits="19"/>
                <line number="317" hits="16"/>
                <line number="318" hits="13"/>
                <line number="319" hits="13"/>
                <line number="321" hits="13"/>
                <line number="323" hits="16"/>
                <line number="325" hits="6"/>
                <line number="326" hits="6"/>
              </lines>
            </method>
            <method name="_view" signature="" line-rate="1" branch-rate="0" complexity="5">
              <lines>
                <line number="338" hits="32"/>
                <line number="339" hits="32"/>
                <line number="340" hits="32"/>
                <line number="341" hits="32"/>
                <line number="342" hits="32"/>
                <line number="343" hits="32"/>
                <line number="344" hits="32"/>
                <line number="345" hits="32"/>
                <line number="346" hits="32"/>
                <line number="351" hits="32"/>
                <line number="352" hits="32"/>
                <line number="353" hits="32"/>
                <line number="354" hits="32"/>
                <line number="355" hits="32"/>
                <line number="358" hits="32"/>
                <line number="359" hits="32"/>
                <line number="360" hits="32"/>
                <line number="364" hits="32"/>
                <line number="367" hits="32"/>
                <line number="368" hits="32"/>
                <line number="369" hits="3"/>
                <line number="370" hits="3"/>
                <line number="374" hits="32"/>
                <line number="375" hits="32"/>
                <line number="376" hits="32"/>
                <line number="377" hits="32"/>
                <line number="378" hits="32"/>
                <line number="379" hits="32"/>
                <line number="380" hits="32"/>
                <line number="381" hits="32"/>
                <line number="383" hits="32"/>
                <line number="384" hits="32"/>
                <line number="385" hits="32"/>
                <line number="386" hits="32"/>
                <line number="387" hits="32"/>
                <line number="388" hits="2"/>
                <line number="389" hits="2"/>
                <line number="390" hits="2"/>
                <line number="392" hits="30"/>
                <line number="393" hits="30"/>
                <line number="394" hits="30"/>
                <line number="395" hits="30"/>
                <line number="396" hits="30"/>
                <line number="397" hits="30"/>
                <line number="398" hits="30"/>
                <line number="399" hits="30"/>
                <line number="400" hits="30"/>
                <line number="401" hits="30"/>
                <line number="402" hits="30"/>
                <line number="403" hits="30"/>
                <line number="404" hits="30"/>
                <line number="405" hits="30"/>
                <line number="406" hits="30"/>
                <line number="407" hits="30"/>
                <line number="408" hits="30"/>
                <line number="409" hits="30"/>
                <line number="410" hits="30"/>
                <line number="411" hits="30"/>
                <line number="412" hits="30"/>
                <line number="413" hits="30"/>
                <line number="414" hits="30"/>
                <line number="415" hits="30"/>
                <line number="416" hits="30"/>
                <line number="417" hits="30"/>
              </lines>
            </method>
            <method name="_jsonld" signature="$type" line-rate="1" branch-rate="0" complexity="6">
              <lines>
                <line number="429" hits="5"/>
                <line number="430" hits="5"/>
                <line number="432" hits="1"/>
                <line number="434" hits="5"/>
                <line number="435" hits="5"/>
                <line number="436" hits="5"/>
                <line number="437" hits="4"/>
                <line number="438" hits="4"/>
                <line number="439" hits="4"/>
                <line number="440" hits="4"/>
                <line number="441" hits="4"/>
                <line number="444" hits="5"/>
                <line number="445" hits="5"/>
                <line number="446" hits="5"/>
                <line number="447" hits="5"/>
              </lines>
            </method>
            <method name="_yourlsproxy" signature="$link" line-rate="1" branch-rate="0" complexity="2">
              <lines>
                <line number="458" hits="2"/>
                <line number="459" hits="2"/>
                <line number="460" hits="1"/>
                <line number="462" hits="1"/>
              </lines>
            </method>
            <method name="_return_message" signature="$status, $message, $other" line-rate="1" branch-rate="0" complexity="2">
              <lines>
                <line number="476" hits="83"/>
                <line number="477" hits="83"/>
                <line number="478" hits="45"/>
                <line number="480" hits="41"/>
                <line number="481" hits="41"/>
                <line number="483" hits="83"/>
                <line number="484" hits="83"/>
              </lines>
            </method>
          </methods>
          <lines>
            <line number="113" hits="123"/>
            <line number="114" hits="0"/>
            <line number="116" hits="123"/>
            <line number="117" hits="0"/>
            <line number="121" hits="123"/>
            <line number="123" hits="120"/>
            <line number="124" hits="120"/>
            <line number="125" hits="56"/>
            <line number="126" hits="56"/>
            <line number="127" hits="64"/>
            <line number="128" hits="23"/>
            <line number="129" hits="23"/>
            <line number="130" hits="23"/>
            <line number="131" hits="23"/>
            <line number="132" hits="23"/>
            <line number="133" hits="41"/>
            <line number="134" hits="25"/>
            <line number="135" hits="25"/>
            <line number="136" hits="16"/>
            <line number="137" hits="5"/>
            <line number="138" hits="5"/>
            <line number="139" hits="11"/>
            <line number="140" hits="2"/>
            <line number="141" hits="2"/>
            <line number="145" hits="115"/>
            <line number="146" hits="83"/>
            <line number="147" hits="83"/>
            <line number="148" hits="83"/>
            <line number="149" hits="83"/>
            <line number="150" hits="83"/>
            <line number="152" hits="32"/>
            <line number="164" hits="123"/>
            <line number="165" hits="120"/>
            <line number="166" hits="120"/>
            <line number="167" hits="120"/>
            <line number="170" hits="120"/>
            <line number="171" hits="120"/>
            <line number="173" hits="120"/>
            <line number="174" hits="3"/>
            <line number="175" hits="3"/>
            <line number="202" hits="56"/>
            <line number="203" hits="56"/>
            <line number="204" hits="56"/>
            <line number="206" hits="56"/>
            <line number="207" hits="3"/>
            <line number="208" hits="3"/>
            <line number="209" hits="3"/>
            <line number="212" hits="56"/>
            <line number="213" hits="56"/>
            <line number="214" hits="56"/>
            <line number="215" hits="56"/>
            <line number="216" hits="56"/>
            <line number="217" hits="56"/>
            <line number="218" hits="6"/>
            <line number="219" hits="6"/>
            <line number="221" hits="50"/>
            <line number="223" hits="50"/>
            <line number="224" hits="3"/>
            <line number="225" hits="3"/>
            <line number="226" hits="3"/>
            <line number="227" hits="3"/>
            <line number="228" hits="3"/>
            <line number="229" hits="3"/>
            <line number="230" hits="3"/>
            <line number="231" hits="3"/>
            <line number="235" hits="47"/>
            <line number="236" hits="15"/>
            <line number="237" hits="15"/>
            <line number="239" hits="12"/>
            <line number="240" hits="9"/>
            <line number="241" hits="9"/>
            <line number="242" hits="9"/>
            <line number="243" hits="9"/>
            <line number="244" hits="9"/>
            <line number="246" hits="3"/>
            <line number="248" hits="3"/>
            <line number="253" hits="32"/>
            <line number="254" hits="32"/>
            <line number="256" hits="32"/>
            <line number="257" hits="26"/>
            <line number="258" hits="9"/>
            <line number="259" hits="9"/>
            <line number="261" hits="23"/>
            <line number="275" hits="23"/>
            <line number="276" hits="20"/>
            <line number="279" hits="17"/>
            <line number="280" hits="14"/>
            <line number="282" hits="8"/>
            <line number="283" hits="8"/>
            <line number="285" hits="6"/>
            <line number="288" hits="17"/>
            <line number="290" hits="6"/>
            <line number="291" hits="6"/>
            <line number="293" hits="23"/>
            <line number="294" hits="5"/>
            <line number="295" hits="3"/>
            <line number="297" hits="2"/>
            <line number="310" hits="25"/>
            <line number="311" hits="3"/>
            <line number="315" hits="22"/>
            <line number="316" hits="19"/>
            <line number="317" hits="16"/>
            <line number="318" hits="13"/>
            <line number="319" hits="13"/>
            <line number="321" hits="13"/>
            <line number="323" hits="16"/>
            <line number="325" hits="6"/>
            <line number="326" hits="6"/>
            <line number="338" hits="32"/>
            <line number="339" hits="32"/>
            <line number="340" hits="32"/>
            <line number="341" hits="32"/>
            <line number="342" hits="32"/>
            <line number="343" hits="32"/>
            <line number="344" hits="32"/>
            <line number="345" hits="32"/>
            <line number="346" hits="32"/>
            <line number="351" hits="32"/>
            <line number="352" hits="32"/>
            <line number="353" hits="32"/>
            <line number="354" hits="32"/>
            <line number="355" hits="32"/>
            <line number="358" hits="32"/>
            <line number="359" hits="32"/>
            <line number="360" hits="32"/>
            <line number="364" hits="32"/>
            <line number="367" hits="32"/>
            <line number="368" hits="32"/>
            <line number="369" hits="3"/>
            <line number="370" hits="3"/>
            <line number="374" hits="32"/>
            <line number="375" hits="32"/>
            <line number="376" hits="32"/>
            <line number="377" hits="32"/>
            <line number="378" hits="32"/>
            <line number="379" hits="32"/>
            <line number="380" hits="32"/>
            <line number="381" hits="32"/>
            <line number="383" hits="32"/>
            <line number="384" hits="32"/>
            <line number="385" hits="32"/>
            <line number="386" hits="32"/>
            <line number="387" hits="32"/>
            <line number="388" hits="2"/>
            <line number="389" hits="2"/>
            <line number="390" hits="2"/>
            <line number="392" hits="30"/>
            <line number="393" hits="30"/>
            <line number="394" hits="30"/>
            <line number="395" hits="30"/>
            <line number="396" hits="30"/>
            <line number="397" hits="30"/>
            <line number="398" hits="30"/>
            <line number="399" hits="30"/>
            <line number="400" hits="30"/>
            <line number="401" hits="30"/>
            <line number="402" hits="30"/>
            <line number="403" hits="30"/>
            <line number="404" hits="30"/>
            <line number="405" hits="30"/>
            <line number="406" hits="30"/>
            <line number="407" hits="30"/>
            <line number="408" hits="30"/>
            <line number="409" hits="30"/>
            <line number="410" hits="30"/>
            <line number="411" hits="30"/>
            <line number="412" hits="30"/>
            <line number="413" hits="30"/>
            <line number="414" hits="30"/>
            <line number="415" hits="30"/>
            <line number="416" hits="30"/>
            <line number="417" hits="30"/>
            <line number="429" hits="5"/>
            <line number="430" hits="5"/>
            <line number="432" hits="1"/>
            <line number="434" hits="5"/>
            <line number="435" hits="5"/>
            <line number="436" hits="5"/>
            <line number="437" hits="4"/>
            <line number="438" hits="4"/>
            <line number="439" hits="4"/>
            <line number="440" hits="4"/>
            <line number="441" hits="4"/>
            <line number="444" hits="5"/>
            <line number="445" hits="5"/>
            <line number="446" hits="5"/>
            <line number="447" hits="5"/>
            <line number="458" hits="2"/>
            <line number="459" hits="2"/>
            <line number="460" hits="1"/>
            <line number="462" hits="1"/>
            <line number="476" hits="83"/>
            <line number="477" hits="83"/>
            <line number="478" hits="45"/>
            <line number="480" hits="41"/>
            <line number="481" hits="41"/>
            <line number="483" hits="83"/>
            <line number="484" hits="83"/>
          </lines>
        </class>
      </classes>
    </package>
    <package name="Data/Database.php" line-rate="0.89497716894977" branch-rate="0" complexity="128">
      <classes>
        <class name="PrivateBin\Data\Database" filename="Data/Database.php" line-rate="0.89497716894977" branch-rate="0" complexity="128">
          <methods>
            <method name="__construct" signature="array $options" line-rate="1" branch-rate="0" complexity="13">
              <lines>
                <line number="63" hits="78"/>
                <line number="64" hits="55"/>
                <line number="69" hits="78"/>
                <line number="70" hits="78"/>
                <line number="71" hits="78"/>
                <line number="72" hits="78"/>
                <line number="75" hits="78"/>
                <line number="76" hits="78"/>
                <line number="77" hits="78"/>
                <line number="78" hits="78"/>
                <line number="81" hits="78"/>
                <line number="82" hits="78"/>
                <line number="83" hits="78"/>
                <line number="86" hits="78"/>
                <line number="87" hits="1"/>
                <line number="89" hits="78"/>
                <line number="90" hits="78"/>
                <line number="91" hits="78"/>
                <line number="92" hits="78"/>
                <line number="93" hits="78"/>
                <line number="94" hits="78"/>
                <line number="95" hits="78"/>
                <line number="98" hits="78"/>
                <line number="101" hits="78"/>
                <line number="102" hits="44"/>
                <line number="103" hits="44"/>
                <line number="107" hits="78"/>
                <line number="108" hits="44"/>
                <line number="109" hits="44"/>
                <line number="113" hits="78"/>
                <line number="114" hits="78"/>
                <line number="115" hits="45"/>
                <line number="117" hits="45"/>
                <line number="118" hits="1"/>
                <line number="121" hits="71"/>
                <line number="125" hits="78"/>
                <line number="126" hits="1"/>
                <line number="129" hits="4"/>
                <line number="130" hits="4"/>
                <line number="131" hits="4"/>
              </lines>
            </method>
            <method name="create" signature="$pasteid, array $paste" line-rate="1" branch-rate="0" complexity="10">
              <lines>
                <line number="145" hits="39"/>
                <line number="146" hits="39"/>
                <line number="147" hits="39"/>
                <line number="148" hits="39"/>
                <line number="149" hits="39"/>
                <line number="150" hits="39"/>
                <line number="151" hits="39"/>
                <line number="152" hits="39"/>
                <line number="153" hits="39"/>
                <line number="154" hits="24"/>
                <line number="155" hits="24"/>
                <line number="157" hits="39"/>
                <line number="158" hits="2"/>
                <line number="159" hits="2"/>
                <line number="161" hits="39"/>
                <line number="162" hits="1"/>
                <line number="163" hits="1"/>
                <line number="165" hits="39"/>
                <line number="166" hits="2"/>
                <line number="167" hits="1"/>
                <line number="168" hits="1"/>
                <line number="170" hits="2"/>
                <line number="171" hits="1"/>
                <line number="172" hits="1"/>
                <line number="175" hits="37"/>
                <line number="176" hits="37"/>
                <line number="179" hits="39"/>
                <line number="180" hits="39"/>
                <line number="181" hits="39"/>
                <line number="182" hits="39"/>
                <line number="183" hits="39"/>
                <line number="184" hits="39"/>
                <line number="185" hits="39"/>
                <line number="186" hits="39"/>
                <line number="187" hits="39"/>
                <line number="188" hits="39"/>
                <line number="189" hits="39"/>
                <line number="190" hits="39"/>
                <line number="191" hits="39"/>
                <line number="192" hits="39"/>
                <line number="193" hits="39"/>
                <line number="194" hits="3"/>
                <line number="195" hits="3"/>
              </lines>
            </method>
            <method name="read" signature="$pasteid" line-rate="0.94285714285714" branch-rate="0" complexity="14">
              <lines>
                <line number="209" hits="30"/>
                <line number="210" hits="30"/>
                <line number="211" hits="30"/>
                <line number="212" hits="30"/>
                <line number="213" hits="0"/>
                <line number="214" hits="0"/>
                <line number="216" hits="30"/>
                <line number="217" hits="2"/>
                <line number="220" hits="29"/>
                <line number="221" hits="29"/>
                <line number="222" hits="29"/>
                <line number="223" hits="24"/>
                <line number="224" hits="24"/>
                <line number="226" hits="5"/>
                <line number="227" hits="5"/>
                <line number="231" hits="29"/>
                <line number="232" hits="1"/>
                <line number="233" hits="1"/>
                <line number="235" hits="29"/>
                <line number="236" hits="29"/>
                <line number="237" hits="29"/>
                <line number="238" hits="29"/>
                <line number="239" hits="29"/>
                <line number="240" hits="16"/>
                <line number="242" hits="29"/>
                <line number="243" hits="24"/>
                <line number="247" hits="5"/>
                <line number="248" hits="2"/>
                <line number="249" hits="2"/>
                <line number="250" hits="2"/>
                <line number="253" hits="5"/>
                <line number="254" hits="2"/>
                <line number="256" hits="5"/>
                <line number="257" hits="1"/>
                <line number="260" hits="5"/>
              </lines>
            </method>
            <method name="delete" signature="$pasteid" line-rate="1" branch-rate="0" complexity="1">
              <lines>
                <line number="271" hits="26"/>
                <line number="272" hits="26"/>
                <line number="273" hits="26"/>
                <line number="274" hits="26"/>
                <line number="275" hits="26"/>
                <line number="276" hits="26"/>
                <line number="277" hits="26"/>
                <line number="278" hits="26"/>
              </lines>
            </method>
            <method name="exists" signature="$pasteid" line-rate="1" branch-rate="0" complexity="2">
              <lines>
                <line number="291" hits="59"/>
                <line number="292" hits="59"/>
                <line number="293" hits="59"/>
                <line number="294" hits="59"/>
                <line number="295" hits="1"/>
                <line number="296" hits="1"/>
                <line number="298" hits="59"/>
              </lines>
            </method>
            <method name="createComment" signature="$pasteid, $parentid, $commentid, array $comment" line-rate="1" branch-rate="0" complexity="5">
              <lines>
                <line number="313" hits="9"/>
                <line number="314" hits="1"/>
                <line number="315" hits="1"/>
                <line number="317" hits="9"/>
                <line number="318" hits="9"/>
                <line number="320" hits="9"/>
                <line number="321" hits="9"/>
                <line number="322" hits="9"/>
                <line number="323" hits="9"/>
                <line number="324" hits="9"/>
                <line number="325" hits="9"/>
                <line number="329" hits="9"/>
                <line number="330" hits="9"/>
                <line number="331" hits="9"/>
                <line number="332" hits="9"/>
                <line number="333" hits="9"/>
                <line number="334" hits="9"/>
                <line number="335" hits="9"/>
                <line number="336" hits="9"/>
                <line number="337" hits="9"/>
                <line number="338" hits="9"/>
                <line number="339" hits="9"/>
                <line number="340" hits="9"/>
                <line number="341" hits="9"/>
                <line number="342" hits="1"/>
                <line number="343" hits="1"/>
              </lines>
            </method>
            <method name="readComments" signature="$pasteid" line-rate="1" branch-rate="0" complexity="9">
              <lines>
                <line number="356" hits="18"/>
                <line number="357" hits="18"/>
                <line number="358" hits="18"/>
                <line number="359" hits="18"/>
                <line number="362" hits="18"/>
                <line number="363" hits="18"/>
                <line number="364" hits="6"/>
                <line number="365" hits="6"/>
                <line number="366" hits="6"/>
                <line number="367" hits="6"/>
                <line number="368" hits="6"/>
                <line number="369" hits="6"/>
                <line number="371" hits="1"/>
                <line number="372" hits="1"/>
                <line number="374" hits="6"/>
                <line number="375" hits="6"/>
                <line number="376" hits="6"/>
                <line number="377" hits="6"/>
                <line number="378" hits="6"/>
                <line number="379" hits="6"/>
                <line number="380" hits="5"/>
                <line number="384" hits="6"/>
                <line number="386" hits="18"/>
              </lines>
            </method>
            <method name="existsComment" signature="$pasteid, $parentid, $commentid" line-rate="1" branch-rate="0" complexity="2">
              <lines>
                <line number="401" hits="13"/>
                <line number="402" hits="13"/>
                <line number="403" hits="13"/>
                <line number="404" hits="13"/>
                <line number="405" hits="13"/>
                <line number="406" hits="1"/>
                <line number="407" hits="1"/>
              </lines>
            </method>
            <method name="setValue" signature="$value, $namespace, $key" line-rate="0.8" branch-rate="0" complexity="3">
              <lines>
                <line number="422" hits="17"/>
                <line number="423" hits="4"/>
                <line number="425" hits="4"/>
                <line number="426" hits="0"/>
                <line number="427" hits="0"/>
                <line number="430" hits="17"/>
                <line number="431" hits="17"/>
                <line number="432" hits="17"/>
                <line number="433" hits="17"/>
                <line number="434" hits="17"/>
              </lines>
            </method>
            <method name="getValue" signature="$namespace, $key" line-rate="0.90909090909091" branch-rate="0" complexity="8">
              <lines>
                <line number="447" hits="22"/>
                <line number="448" hits="22"/>
                <line number="449" hits="22"/>
                <line number="451" hits="17"/>
                <line number="452" hits="17"/>
                <line number="453" hits="17"/>
                <line number="454" hits="17"/>
                <line number="455" hits="17"/>
                <line number="458" hits="17"/>
                <line number="459" hits="17"/>
                <line number="460" hits="1"/>
                <line number="461" hits="1"/>
                <line number="462" hits="1"/>
                <line number="463" hits="1"/>
                <line number="464" hits="1"/>
                <line number="467" hits="21"/>
                <line number="469" hits="1"/>
                <line number="470" hits="0"/>
                <line number="471" hits="0"/>
                <line number="473" hits="1"/>
                <line number="474" hits="1"/>
                <line number="477" hits="21"/>
              </lines>
            </method>
            <method name="_getExpiredPastes" signature="$batchsize" line-rate="1" branch-rate="0" complexity="2">
              <lines>
                <line number="489" hits="12"/>
                <line number="490" hits="12"/>
                <line number="491" hits="12"/>
                <line number="492" hits="12"/>
                <line number="493" hits="12"/>
                <line number="494" hits="12"/>
                <line number="495" hits="12"/>
              </lines>
            </method>
            <method name="getAllPastes" signature="" line-rate="0" branch-rate="0" complexity="1">
              <lines>
                <line number="503" hits="0"/>
                <line number="504" hits="0"/>
                <line number="505" hits="0"/>
              </lines>
            </method>
            <method name="_exec" signature="$sql, array $params" line-rate="0.90909090909091" branch-rate="0" complexity="5">
              <lines>
                <line number="519" hits="60"/>
                <line number="520" hits="60"/>
                <line number="521" hits="60"/>
                <line number="522" hits="60"/>
                <line number="523" hits="38"/>
                <line number="524" hits="60"/>
                <line number="525" hits="0"/>
                <line number="527" hits="60"/>
                <line number="530" hits="60"/>
                <line number="531" hits="60"/>
                <line number="532" hits="60"/>
              </lines>
            </method>
            <method name="_select" signature="$sql, array $params, $firstOnly" line-rate="0.6" branch-rate="0" complexity="7">
              <lines>
                <line number="547" hits="78"/>
                <line number="548" hits="78"/>
                <line number="549" hits="78"/>
                <line number="550" hits="78"/>
                <line number="551" hits="18"/>
                <line number="553" hits="0"/>
                <line number="554" hits="0"/>
                <line number="555" hits="0"/>
                <line number="558" hits="18"/>
                <line number="560" hits="78"/>
                <line number="561" hits="78"/>
                <line number="563" hits="0"/>
                <line number="564" hits="0"/>
                <line number="565" hits="0"/>
                <line number="567" hits="78"/>
              </lines>
            </method>
            <method name="_getVersionedKeys" signature="$version" line-rate="1" branch-rate="0" complexity="2">
              <lines>
                <line number="579" hits="42"/>
                <line number="580" hits="6"/>
                <line number="582" hits="37"/>
              </lines>
            </method>
            <method name="_getTableQuery" signature="$type" line-rate="1" branch-rate="0" complexity="9">
              <lines>
                <line number="596" hits="78"/>
                <line number="597" hits="1"/>
                <line number="598" hits="1"/>
                <line number="599" hits="78"/>
                <line number="600" hits="1"/>
                <line number="601" hits="1"/>
                <line number="602" hits="78"/>
                <line number="604" hits="1"/>
                <line number="605" hits="1"/>
                <line number="606" hits="1"/>
                <line number="607" hits="78"/>
                <line number="608" hits="1"/>
                <line number="609" hits="1"/>
                <line number="610" hits="78"/>
                <line number="611" hits="1"/>
                <line number="612" hits="1"/>
                <line number="613" hits="78"/>
                <line number="614" hits="1"/>
                <line number="615" hits="1"/>
                <line number="616" hits="1"/>
                <line number="617" hits="1"/>
                <line number="618" hits="1"/>
                <line number="619" hits="1"/>
                <line number="620" hits="1"/>
                <line number="621" hits="1"/>
                <line number="622" hits="1"/>
                <line number="623" hits="1"/>
                <line number="624" hits="1"/>
                <line number="625" hits="1"/>
                <line number="626" hits="1"/>
                <line number="627" hits="78"/>
                <line number="628" hits="78"/>
                <line number="629" hits="78"/>
                <line number="630" hits="78"/>
                <line number="631" hits="78"/>
                <line number="633" hits="1"/>
                <line number="634" hits="1"/>
                <line number="635" hits="1"/>
                <line number="637" hits="78"/>
              </lines>
            </method>
            <method name="_getConfig" signature="$key" line-rate="0.71428571428571" branch-rate="0" complexity="3">
              <lines>
                <line number="650" hits="72"/>
                <line number="651" hits="72"/>
                <line number="652" hits="72"/>
                <line number="653" hits="72"/>
                <line number="654" hits="0"/>
                <line number="655" hits="0"/>
                <line number="657" hits="72"/>
              </lines>
            </method>
            <method name="_getPrimaryKeyClauses" signature="$key" line-rate="0.77777777777778" branch-rate="0" complexity="4">
              <lines>
                <line number="669" hits="45"/>
                <line number="670" hits="45"/>
                <line number="671" hits="45"/>
                <line number="672" hits="45"/>
                <line number="673" hits="0"/>
                <line number="674" hits="0"/>
                <line number="676" hits="45"/>
                <line number="677" hits="45"/>
                <line number="679" hits="45"/>
              </lines>
            </method>
            <method name="_getDataType" signature="" line-rate="0.66666666666667" branch-rate="0" complexity="4">
              <lines>
                <line number="692" hits="45"/>
                <line number="693" hits="45"/>
                <line number="694" hits="0"/>
                <line number="695" hits="45"/>
                <line number="696" hits="0"/>
                <line number="698" hits="45"/>
              </lines>
            </method>
            <method name="_getAttachmentType" signature="" line-rate="0.66666666666667" branch-rate="0" complexity="4">
              <lines>
                <line number="712" hits="45"/>
                <line number="713" hits="45"/>
                <line number="714" hits="0"/>
                <line number="715" hits="45"/>
                <line number="716" hits="0"/>
                <line number="718" hits="45"/>
              </lines>
            </method>
            <method name="_getMetaType" signature="" line-rate="0.75" branch-rate="0" complexity="3">
              <lines>
                <line number="732" hits="45"/>
                <line number="733" hits="45"/>
                <line number="734" hits="0"/>
                <line number="736" hits="45"/>
              </lines>
            </method>
            <method name="_createPasteTable" signature="" line-rate="1" branch-rate="0" complexity="1">
              <lines>
                <line number="747" hits="44"/>
                <line number="748" hits="44"/>
                <line number="749" hits="44"/>
                <line number="750" hits="44"/>
                <line number="751" hits="44"/>
                <line number="752" hits="44"/>
                <line number="753" hits="44"/>
                <line number="754" hits="44"/>
                <line number="755" hits="44"/>
                <line number="756" hits="44"/>
                <line number="757" hits="44"/>
                <line number="758" hits="44"/>
                <line number="759" hits="44"/>
                <line number="760" hits="44"/>
                <line number="761" hits="44"/>
                <line number="762" hits="44"/>
              </lines>
            </method>
            <method name="_createCommentTable" signature="" line-rate="0.78260869565217" branch-rate="0" complexity="2">
              <lines>
                <line number="772" hits="44"/>
                <line number="773" hits="44"/>
                <line number="774" hits="44"/>
                <line number="775" hits="44"/>
                <line number="776" hits="44"/>
                <line number="777" hits="44"/>
                <line number="778" hits="44"/>
                <line number="779" hits="44"/>
                <line number="780" hits="44"/>
                <line number="781" hits="44"/>
                <line number="782" hits="44"/>
                <line number="783" hits="44"/>
                <line number="784" hits="44"/>
                <line number="785" hits="0"/>
                <line number="786" hits="0"/>
                <line number="792" hits="0"/>
                <line number="796" hits="0"/>
                <line number="797" hits="0"/>
                <line number="800" hits="44"/>
                <line number="801" hits="44"/>
                <line number="802" hits="44"/>
                <line number="803" hits="44"/>
                <line number="804" hits="44"/>
              </lines>
            </method>
            <method name="_createConfigTable" signature="" line-rate="1" branch-rate="0" complexity="2">
              <lines>
                <line number="815" hits="45"/>
                <line number="816" hits="45"/>
                <line number="817" hits="45"/>
                <line number="818" hits="45"/>
                <line number="819" hits="45"/>
                <line number="820" hits="45"/>
                <line number="821" hits="45"/>
                <line number="822" hits="45"/>
                <line number="823" hits="45"/>
                <line number="824" hits="45"/>
                <line number="825" hits="45"/>
                <line number="826" hits="45"/>
              </lines>
            </method>
            <method name="_sanitizeClob" signature="$value" line-rate="1" branch-rate="0" complexity="2">
              <lines>
                <line number="841" hits="1"/>
                <line number="842" hits="1"/>
                <line number="844" hits="1"/>
              </lines>
            </method>
            <method name="_sanitizeIdentifier" signature="$identifier" line-rate="1" branch-rate="0" complexity="1">
              <lines>
                <line number="856" hits="78"/>
              </lines>
            </method>
            <method name="_upgradeDatabase" signature="$oldversion" line-rate="0.69230769230769" branch-rate="0" complexity="9">
              <lines>
                <line number="867" hits="1"/>
                <line number="868" hits="1"/>
                <line number="870" hits="1"/>
                <line number="873" hits="1"/>
                <line number="874" hits="1"/>
                <line number="875" hits="1"/>
                <line number="876" hits="1"/>
                <line number="877" hits="0"/>
                <line number="878" hits="0"/>
                <line number="881" hits="1"/>
                <line number="882" hits="1"/>
                <line number="883" hits="1"/>
                <line number="884" hits="1"/>
                <line number="885" hits="1"/>
                <line number="886" hits="1"/>
                <line number="887" hits="1"/>
                <line number="890" hits="1"/>
                <line number="891" hits="0"/>
                <line number="892" hits="0"/>
                <line number="893" hits="0"/>
                <line number="894" hits="0"/>
                <line number="895" hits="0"/>
                <line number="896" hits="0"/>
                <line number="897" hits="0"/>
                <line number="898" hits="0"/>
                <line number="899" hits="0"/>
                <line number="901" hits="1"/>
                <line number="902" hits="1"/>
                <line number="903" hits="1"/>
                <line number="904" hits="1"/>
                <line number="905" hits="1"/>
                <line number="906" hits="1"/>
                <line number="907" hits="1"/>
                <line number="908" hits="1"/>
                <line number="909" hits="1"/>
                <line number="910" hits="1"/>
                <line number="913" hits="1"/>
                <line number="914" hits="1"/>
                <line number="915" hits="1"/>
                <line number="916" hits="1"/>
                <line number="917" hits="1"/>
                <line number="919" hits="0"/>
                <line number="923" hits="1"/>
                <line number="924" hits="0"/>
                <line number="925" hits="0"/>
                <line number="926" hits="0"/>
                <line number="927" hits="0"/>
                <line number="931" hits="1"/>
                <line number="932" hits="1"/>
                <line number="933" hits="1"/>
                <line number="934" hits="1"/>
                <line number="935" hits="1"/>
              </lines>
            </method>
          </methods>
          <lines>
            <line number="63" hits="78"/>
            <line number="64" hits="55"/>
            <line number="69" hits="78"/>
            <line number="70" hits="78"/>
            <line number="71" hits="78"/>
            <line number="72" hits="78"/>
            <line number="75" hits="78"/>
            <line number="76" hits="78"/>
            <line number="77" hits="78"/>
            <line number="78" hits="78"/>
            <line number="81" hits="78"/>
            <line number="82" hits="78"/>
            <line number="83" hits="78"/>
            <line number="86" hits="78"/>
            <line number="87" hits="1"/>
            <line number="89" hits="78"/>
            <line number="90" hits="78"/>
            <line number="91" hits="78"/>
            <line number="92" hits="78"/>
            <line number="93" hits="78"/>
            <line number="94" hits="78"/>
            <line number="95" hits="78"/>
            <line number="98" hits="78"/>
            <line number="101" hits="78"/>
            <line number="102" hits="44"/>
            <line number="103" hits="44"/>
            <line number="107" hits="78"/>
            <line number="108" hits="44"/>
            <line number="109" hits="44"/>
            <line number="113" hits="78"/>
            <line number="114" hits="78"/>
            <line number="115" hits="45"/>
            <line number="117" hits="45"/>
            <line number="118" hits="1"/>
            <line number="121" hits="71"/>
            <line number="125" hits="78"/>
            <line number="126" hits="1"/>
            <line number="129" hits="4"/>
            <line number="130" hits="4"/>
            <line number="131" hits="4"/>
            <line number="145" hits="39"/>
            <line number="146" hits="39"/>
            <line number="147" hits="39"/>
            <line number="148" hits="39"/>
            <line number="149" hits="39"/>
            <line number="150" hits="39"/>
            <line number="151" hits="39"/>
            <line number="152" hits="39"/>
            <line number="153" hits="39"/>
            <line number="154" hits="24"/>
            <line number="155" hits="24"/>
            <line number="157" hits="39"/>
            <line number="158" hits="2"/>
            <line number="159" hits="2"/>
            <line number="161" hits="39"/>
            <line number="162" hits="1"/>
            <line number="163" hits="1"/>
            <line number="165" hits="39"/>
            <line number="166" hits="2"/>
            <line number="167" hits="1"/>
            <line number="168" hits="1"/>
            <line number="170" hits="2"/>
            <line number="171" hits="1"/>
            <line number="172" hits="1"/>
            <line number="175" hits="37"/>
            <line number="176" hits="37"/>
            <line number="179" hits="39"/>
            <line number="180" hits="39"/>
            <line number="181" hits="39"/>
            <line number="182" hits="39"/>
            <line number="183" hits="39"/>
            <line number="184" hits="39"/>
            <line number="185" hits="39"/>
            <line number="186" hits="39"/>
            <line number="187" hits="39"/>
            <line number="188" hits="39"/>
            <line number="189" hits="39"/>
            <line number="190" hits="39"/>
            <line number="191" hits="39"/>
            <line number="192" hits="39"/>
            <line number="193" hits="39"/>
            <line number="194" hits="3"/>
            <line number="195" hits="3"/>
            <line number="209" hits="30"/>
            <line number="210" hits="30"/>
            <line number="211" hits="30"/>
            <line number="212" hits="30"/>
            <line number="213" hits="0"/>
            <line number="214" hits="0"/>
            <line number="216" hits="30"/>
            <line number="217" hits="2"/>
            <line number="220" hits="29"/>
            <line number="221" hits="29"/>
            <line number="222" hits="29"/>
            <line number="223" hits="24"/>
            <line number="224" hits="24"/>
            <line number="226" hits="5"/>
            <line number="227" hits="5"/>
            <line number="231" hits="29"/>
            <line number="232" hits="1"/>
            <line number="233" hits="1"/>
            <line number="235" hits="29"/>
            <line number="236" hits="29"/>
            <line number="237" hits="29"/>
            <line number="238" hits="29"/>
            <line number="239" hits="29"/>
            <line number="240" hits="16"/>
            <line number="242" hits="29"/>
            <line number="243" hits="24"/>
            <line number="247" hits="5"/>
            <line number="248" hits="2"/>
            <line number="249" hits="2"/>
            <line number="250" hits="2"/>
            <line number="253" hits="5"/>
            <line number="254" hits="2"/>
            <line number="256" hits="5"/>
            <line number="257" hits="1"/>
            <line number="260" hits="5"/>
            <line number="271" hits="26"/>
            <line number="272" hits="26"/>
            <line number="273" hits="26"/>
            <line number="274" hits="26"/>
            <line number="275" hits="26"/>
            <line number="276" hits="26"/>
            <line number="277" hits="26"/>
            <line number="278" hits="26"/>
            <line number="291" hits="59"/>
            <line number="292" hits="59"/>
            <line number="293" hits="59"/>
            <line number="294" hits="59"/>
            <line number="295" hits="1"/>
            <line number="296" hits="1"/>
            <line number="298" hits="59"/>
            <line number="313" hits="9"/>
            <line number="314" hits="1"/>
            <line number="315" hits="1"/>
            <line number="317" hits="9"/>
            <line number="318" hits="9"/>
            <line number="320" hits="9"/>
            <line number="321" hits="9"/>
            <line number="322" hits="9"/>
            <line number="323" hits="9"/>
            <line number="324" hits="9"/>
            <line number="325" hits="9"/>
            <line number="329" hits="9"/>
            <line number="330" hits="9"/>
            <line number="331" hits="9"/>
            <line number="332" hits="9"/>
            <line number="333" hits="9"/>
            <line number="334" hits="9"/>
            <line number="335" hits="9"/>
            <line number="336" hits="9"/>
            <line number="337" hits="9"/>
            <line number="338" hits="9"/>
            <line number="339" hits="9"/>
            <line number="340" hits="9"/>
            <line number="341" hits="9"/>
            <line number="342" hits="1"/>
            <line number="343" hits="1"/>
            <line number="356" hits="18"/>
            <line number="357" hits="18"/>
            <line number="358" hits="18"/>
            <line number="359" hits="18"/>
            <line number="362" hits="18"/>
            <line number="363" hits="18"/>
            <line number="364" hits="6"/>
            <line number="365" hits="6"/>
            <line number="366" hits="6"/>
            <line number="367" hits="6"/>
            <line number="368" hits="6"/>
            <line number="369" hits="6"/>
            <line number="371" hits="1"/>
            <line number="372" hits="1"/>
            <line number="374" hits="6"/>
            <line number="375" hits="6"/>
            <line number="376" hits="6"/>
            <line number="377" hits="6"/>
            <line number="378" hits="6"/>
            <line number="379" hits="6"/>
            <line number="380" hits="5"/>
            <line number="384" hits="6"/>
            <line number="386" hits="18"/>
            <line number="401" hits="13"/>
            <line number="402" hits="13"/>
            <line number="403" hits="13"/>
            <line number="404" hits="13"/>
            <line number="405" hits="13"/>
            <line number="406" hits="1"/>
            <line number="407" hits="1"/>
            <line number="422" hits="17"/>
            <line number="423" hits="4"/>
            <line number="425" hits="4"/>
            <line number="426" hits="0"/>
            <line number="427" hits="0"/>
            <line number="430" hits="17"/>
            <line number="431" hits="17"/>
            <line number="432" hits="17"/>
            <line number="433" hits="17"/>
            <line number="434" hits="17"/>
            <line number="447" hits="22"/>
            <line number="448" hits="22"/>
            <line number="449" hits="22"/>
            <line number="451" hits="17"/>
            <line number="452" hits="17"/>
            <line number="453" hits="17"/>
            <line number="454" hits="17"/>
            <line number="455" hits="17"/>
            <line number="458" hits="17"/>
            <line number="459" hits="17"/>
            <line number="460" hits="1"/>
            <line number="461" hits="1"/>
            <line number="462" hits="1"/>
            <line number="463" hits="1"/>
            <line number="464" hits="1"/>
            <line number="467" hits="21"/>
            <line number="469" hits="1"/>
            <line number="470" hits="0"/>
            <line number="471" hits="0"/>
            <line number="473" hits="1"/>
            <line number="474" hits="1"/>
            <line number="477" hits="21"/>
            <line number="489" hits="12"/>
            <line number="490" hits="12"/>
            <line number="491" hits="12"/>
            <line number="492" hits="12"/>
            <line number="493" hits="12"/>
            <line number="494" hits="12"/>
            <line number="495" hits="12"/>
            <line number="503" hits="0"/>
            <line number="504" hits="0"/>
            <line number="505" hits="0"/>
            <line number="519" hits="60"/>
            <line number="520" hits="60"/>
            <line number="521" hits="60"/>
            <line number="522" hits="60"/>
            <line number="523" hits="38"/>
            <line number="524" hits="60"/>
            <line number="525" hits="0"/>
            <line number="527" hits="60"/>
            <line number="530" hits="60"/>
            <line number="531" hits="60"/>
            <line number="532" hits="60"/>
            <line number="547" hits="78"/>
            <line number="548" hits="78"/>
            <line number="549" hits="78"/>
            <line number="550" hits="78"/>
            <line number="551" hits="18"/>
            <line number="553" hits="0"/>
            <line number="554" hits="0"/>
            <line number="555" hits="0"/>
            <line number="558" hits="18"/>
            <line number="560" hits="78"/>
            <line number="561" hits="78"/>
            <line number="563" hits="0"/>
            <line number="564" hits="0"/>
            <line number="565" hits="0"/>
            <line number="567" hits="78"/>
            <line number="579" hits="42"/>
            <line number="580" hits="6"/>
            <line number="582" hits="37"/>
            <line number="596" hits="78"/>
            <line number="597" hits="1"/>
            <line number="598" hits="1"/>
            <line number="599" hits="78"/>
            <line number="600" hits="1"/>
            <line number="601" hits="1"/>
            <line number="602" hits="78"/>
            <line number="604" hits="1"/>
            <line number="605" hits="1"/>
            <line number="606" hits="1"/>
            <line number="607" hits="78"/>
            <line number="608" hits="1"/>
            <line number="609" hits="1"/>
            <line number="610" hits="78"/>
            <line number="611" hits="1"/>
            <line number="612" hits="1"/>
            <line number="613" hits="78"/>
            <line number="614" hits="1"/>
            <line number="615" hits="1"/>
            <line number="616" hits="1"/>
            <line number="617" hits="1"/>
            <line number="618" hits="1"/>
            <line number="619" hits="1"/>
            <line number="620" hits="1"/>
            <line number="621" hits="1"/>
            <line number="622" hits="1"/>
            <line number="623" hits="1"/>
            <line number="624" hits="1"/>
            <line number="625" hits="1"/>
            <line number="626" hits="1"/>
            <line number="627" hits="78"/>
            <line number="628" hits="78"/>
            <line number="629" hits="78"/>
            <line number="630" hits="78"/>
            <line number="631" hits="78"/>
            <line number="633" hits="1"/>
            <line number="634" hits="1"/>
            <line number="635" hits="1"/>
            <line number="637" hits="78"/>
            <line number="650" hits="72"/>
            <line number="651" hits="72"/>
            <line number="652" hits="72"/>
            <line number="653" hits="72"/>
            <line number="654" hits="0"/>
            <line number="655" hits="0"/>
            <line number="657" hits="72"/>
            <line number="669" hits="45"/>
            <line number="670" hits="45"/>
            <line number="671" hits="45"/>
            <line number="672" hits="45"/>
            <line number="673" hits="0"/>
            <line number="674" hits="0"/>
            <line number="676" hits="45"/>
            <line number="677" hits="45"/>
            <line number="679" hits="45"/>
            <line number="692" hits="45"/>
            <line number="693" hits="45"/>
            <line number="694" hits="0"/>
            <line number="695" hits="45"/>
            <line number="696" hits="0"/>
            <line number="698" hits="45"/>
            <line number="712" hits="45"/>
            <line number="713" hits="45"/>
            <line number="714" hits="0"/>
            <line number="715" hits="45"/>
            <line number="716" hits="0"/>
            <line number="718" hits="45"/>
            <line number="732" hits="45"/>
            <line number="733" hits="45"/>
            <line number="734" hits="0"/>
            <line number="736" hits="45"/>
            <line number="747" hits="44"/>
            <line number="748" hits="44"/>
            <line number="749" hits="44"/>
            <line number="750" hits="44"/>
            <line number="751" hits="44"/>
            <line number="752" hits="44"/>
            <line number="753" hits="44"/>
            <line number="754" hits="44"/>
            <line number="755" hits="44"/>
            <line number="756" hits="44"/>
            <line number="757" hits="44"/>
            <line number="758" hits="44"/>
            <line number="759" hits="44"/>
            <line number="760" hits="44"/>
            <line number="761" hits="44"/>
            <line number="762" hits="44"/>
            <line number="772" hits="44"/>
            <line number="773" hits="44"/>
            <line number="774" hits="44"/>
            <line number="775" hits="44"/>
            <line number="776" hits="44"/>
            <line number="777" hits="44"/>
            <line number="778" hits="44"/>
            <line number="779" hits="44"/>
            <line number="780" hits="44"/>
            <line number="781" hits="44"/>
            <line number="782" hits="44"/>
            <line number="783" hits="44"/>
            <line number="784" hits="44"/>
            <line number="785" hits="0"/>
            <line number="786" hits="0"/>
            <line number="792" hits="0"/>
            <line number="796" hits="0"/>
            <line number="797" hits="0"/>
            <line number="800" hits="44"/>
            <line number="801" hits="44"/>
            <line number="802" hits="44"/>
            <line number="803" hits="44"/>
            <line number="804" hits="44"/>
            <line number="815" hits="45"/>
            <line number="816" hits="45"/>
            <line number="817" hits="45"/>
            <line number="818" hits="45"/>
            <line number="819" hits="45"/>
            <line number="820" hits="45"/>
            <line number="821" hits="45"/>
            <line number="822" hits="45"/>
            <line number="823" hits="45"/>
            <line number="824" hits="45"/>
            <line number="825" hits="45"/>
            <line number="826" hits="45"/>
            <line number="841" hits="1"/>
            <line number="842" hits="1"/>
            <line number="844" hits="1"/>
            <line number="856" hits="78"/>
            <line number="867" hits="1"/>
            <line number="868" hits="1"/>
            <line number="870" hits="1"/>
            <line number="873" hits="1"/>
            <line number="874" hits="1"/>
            <line number="875" hits="1"/>
            <line number="876" hits="1"/>
            <line number="877" hits="0"/>
            <line number="878" hits="0"/>
            <line number="881" hits="1"/>
            <line number="882" hits="1"/>
            <line number="883" hits="1"/>
            <line number="884" hits="1"/>
            <line number="885" hits="1"/>
            <line number="886" hits="1"/>
            <line number="887" hits="1"/>
            <line number="890" hits="1"/>
            <line number="891" hits="0"/>
            <line number="892" hits="0"/>
            <line number="893" hits="0"/>
            <line number="894" hits="0"/>
            <line number="895" hits="0"/>
            <line number="896" hits="0"/>
            <line number="897" hits="0"/>
            <line number="898" hits="0"/>
            <line number="899" hits="0"/>
            <line number="901" hits="1"/>
            <line number="902" hits="1"/>
            <line number="903" hits="1"/>
            <line number="904" hits="1"/>
            <line number="905" hits="1"/>
            <line number="906" hits="1"/>
            <line number="907" hits="1"/>
            <line number="908" hits="1"/>
            <line number="909" hits="1"/>
            <line number="910" hits="1"/>
            <line number="913" hits="1"/>
            <line number="914" hits="1"/>
            <line number="915" hits="1"/>
            <line number="916" hits="1"/>
            <line number="917" hits="1"/>
            <line number="919" hits="0"/>
            <line number="923" hits="1"/>
            <line number="924" hits="0"/>
            <line number="925" hits="0"/>
            <line number="926" hits="0"/>
            <line number="927" hits="0"/>
            <line number="931" hits="1"/>
            <line number="932" hits="1"/>
            <line number="933" hits="1"/>
            <line number="934" hits="1"/>
            <line number="935" hits="1"/>
          </lines>
        </class>
      </classes>
    </package>
    <package name="Data/Filesystem.php" line-rate="0.97252747252747" branch-rate="0" complexity="74">
      <classes>
        <class name="PrivateBin\Data\Filesystem" filename="Data/Filesystem.php" line-rate="0.97252747252747" branch-rate="0" complexity="74">
          <methods>
            <method name="__construct" signature="array $options" line-rate="1" branch-rate="0" complexity="3">
              <lines>
                <line number="74" hits="63"/>
                <line number="75" hits="63"/>
                <line number="77" hits="63"/>
              </lines>
            </method>
            <method name="create" signature="$pasteid, array $paste" line-rate="1" branch-rate="0" complexity="3">
              <lines>
                <line number="91" hits="34"/>
                <line number="92" hits="34"/>
                <line number="93" hits="34"/>
                <line number="94" hits="2"/>
                <line number="96" hits="34"/>
                <line number="97" hits="34"/>
                <line number="99" hits="34"/>
              </lines>
            </method>
            <method name="read" signature="$pasteid" line-rate="1" branch-rate="0" complexity="3">
              <lines>
                <line number="112" hits="29"/>
                <line number="113" hits="29"/>
                <line number="115" hits="1"/>
                <line number="117" hits="29"/>
              </lines>
            </method>
            <method name="delete" signature="$pasteid" line-rate="1" branch-rate="0" complexity="6">
              <lines>
                <line number="128" hits="15"/>
                <line number="129" hits="15"/>
                <line number="131" hits="11"/>
                <line number="132" hits="11"/>
                <line number="136" hits="11"/>
                <line number="137" hits="11"/>
                <line number="139" hits="1"/>
                <line number="140" hits="1"/>
                <line number="141" hits="1"/>
                <line number="142" hits="1"/>
                <line number="145" hits="1"/>
                <line number="146" hits="1"/>
              </lines>
            </method>
            <method name="exists" signature="$pasteid" line-rate="1" branch-rate="0" complexity="6">
              <lines>
                <line number="160" hits="56"/>
                <line number="161" hits="56"/>
                <line number="163" hits="56"/>
                <line number="164" hits="1"/>
                <line number="167" hits="1"/>
                <line number="168" hits="1"/>
                <line number="169" hits="1"/>
                <line number="170" hits="1"/>
                <line number="171" hits="1"/>
                <line number="172" hits="1"/>
                <line number="173" hits="1"/>
                <line number="176" hits="1"/>
                <line number="179" hits="56"/>
              </lines>
            </method>
            <method name="createComment" signature="$pasteid, $parentid, $commentid, array $comment" line-rate="1" branch-rate="0" complexity="3">
              <lines>
                <line number="194" hits="5"/>
                <line number="195" hits="5"/>
                <line number="196" hits="5"/>
                <line number="197" hits="1"/>
                <line number="199" hits="5"/>
                <line number="200" hits="5"/>
                <line number="202" hits="5"/>
              </lines>
            </method>
            <method name="readComments" signature="$pasteid" line-rate="1" branch-rate="0" complexity="5">
              <lines>
                <line number="214" hits="16"/>
                <line number="215" hits="16"/>
                <line number="216" hits="16"/>
                <line number="217" hits="3"/>
                <line number="218" hits="3"/>
                <line number="223" hits="3"/>
                <line number="224" hits="3"/>
                <line number="225" hits="3"/>
                <line number="227" hits="3"/>
                <line number="228" hits="3"/>
                <line number="231" hits="3"/>
                <line number="232" hits="3"/>
                <line number="233" hits="3"/>
                <line number="234" hits="3"/>
                <line number="235" hits="3"/>
                <line number="236" hits="3"/>
                <line number="237" hits="3"/>
                <line number="238" hits="3"/>
                <line number="241" hits="3"/>
                <line number="244" hits="3"/>
                <line number="246" hits="16"/>
              </lines>
            </method>
            <method name="existsComment" signature="$pasteid, $parentid, $commentid" line-rate="1" branch-rate="0" complexity="1">
              <lines>
                <line number="260" hits="9"/>
                <line number="261" hits="9"/>
                <line number="262" hits="9"/>
                <line number="263" hits="9"/>
              </lines>
            </method>
[...]
                <line number="225" hits="120"/>
                <line number="226" hits="120"/>
                <line number="227" hits="120"/>
                <line number="228" hits="120"/>
              </lines>
            </method>
            <method name="isJsonApiCall" signature="" line-rate="1" branch-rate="0" complexity="1">
              <lines>
                <line number="239" hits="127"/>
              </lines>
            </method>
            <method name="setInputStream" signature="$input" line-rate="1" branch-rate="0" complexity="1">
              <lines>
                <line number="249" hits="65"/>
              </lines>
            </method>
            <method name="_detectJsonRequest" signature="" line-rate="0.97058823529412" branch-rate="0" complexity="19">
              <lines>
                <line number="262" hits="133"/>
                <line number="263" hits="133"/>
                <line number="267" hits="133"/>
                <line number="268" hits="85"/>
                <line number="269" hits="133"/>
                <line number="270" hits="133"/>
                <line number="271" hits="133"/>
                <line number="272" hits="133"/>
                <line number="274" hits="87"/>
                <line number="278" hits="46"/>
                <line number="279" hits="46"/>
                <line number="280" hits="4"/>
                <line number="281" hits="4"/>
                <line number="282" hits="4"/>
                <line number="283" hits="4"/>
                <line number="284" hits="4"/>
                <line number="285" hits="4"/>
                <line number="286" hits="4"/>
                <line number="287" hits="4"/>
                <line number="289" hits="4"/>
                <line number="291" hits="4"/>
                <line number="292" hits="4"/>
                <line number="294" hits="4"/>
                <line number="297" hits="4"/>
                <line number="298" hits="4"/>
                <line number="299" hits="4"/>
                <line number="300" hits="0"/>
                <line number="302" hits="4"/>
                <line number="304" hits="4"/>
                <line number="305" hits="4"/>
                <line number="307" hits="2"/>
                <line number="308" hits="2"/>
                <line number="309" hits="1"/>
                <line number="314" hits="43"/>
              </lines>
            </method>
          </methods>
          <lines>
            <line number="86" hits="38"/>
            <line number="88" hits="38"/>
            <line number="90" hits="38"/>
            <line number="91" hits="35"/>
            <line number="95" hits="3"/>
            <line number="106" hits="133"/>
            <line number="109" hits="133"/>
            <line number="110" hits="133"/>
            <line number="111" hits="132"/>
            <line number="112" hits="130"/>
            <line number="114" hits="65"/>
            <line number="116" hits="65"/>
            <line number="117" hits="65"/>
            <line number="118" hits="65"/>
            <line number="119" hits="4"/>
            <line number="122" hits="65"/>
            <line number="124" hits="68"/>
            <line number="127" hits="133"/>
            <line number="128" hits="133"/>
            <line number="129" hits="133"/>
            <line number="130" hits="133"/>
            <line number="131" hits="133"/>
            <line number="133" hits="38"/>
            <line number="137" hits="133"/>
            <line number="138" hits="73"/>
            <line number="139" hits="25"/>
            <line number="140" hits="48"/>
            <line number="141" hits="32"/>
            <line number="143" hits="60"/>
            <line number="144" hits="5"/>
            <line number="145" hits="55"/>
            <line number="146" hits="2"/>
            <line number="147" hits="2"/>
            <line number="160" hits="132"/>
            <line number="171" hits="56"/>
            <line number="172" hits="56"/>
            <line number="173" hits="56"/>
            <line number="174" hits="56"/>
            <line number="175" hits="56"/>
            <line number="176" hits="56"/>
            <line number="177" hits="18"/>
            <line number="178" hits="18"/>
            <line number="180" hits="38"/>
            <line number="182" hits="56"/>
            <line number="183" hits="56"/>
            <line number="186" hits="56"/>
            <line number="187" hits="56"/>
            <line number="200" hits="122"/>
            <line number="201" hits="122"/>
            <line number="212" hits="30"/>
            <line number="213" hits="3"/>
            <line number="214" hits="30"/>
            <line number="225" hits="120"/>
            <line number="226" hits="120"/>
            <line number="227" hits="120"/>
            <line number="228" hits="120"/>
            <line number="239" hits="127"/>
            <line number="249" hits="65"/>
            <line number="262" hits="133"/>
            <line number="263" hits="133"/>
            <line number="267" hits="133"/>
            <line number="268" hits="85"/>
            <line number="269" hits="133"/>
            <line number="270" hits="133"/>
            <line number="271" hits="133"/>
            <line number="272" hits="133"/>
            <line number="274" hits="87"/>
            <line number="278" hits="46"/>
            <line number="279" hits="46"/>
            <line number="280" hits="4"/>
            <line number="281" hits="4"/>
            <line number="282" hits="4"/>
            <line number="283" hits="4"/>
            <line number="284" hits="4"/>
            <line number="285" hits="4"/>
            <line number="286" hits="4"/>
            <line number="287" hits="4"/>
            <line number="289" hits="4"/>
            <line number="291" hits="4"/>
            <line number="292" hits="4"/>
            <line number="294" hits="4"/>
            <line number="297" hits="4"/>
            <line number="298" hits="4"/>
            <line number="299" hits="4"/>
            <line number="300" hits="0"/>
            <line number="302" hits="4"/>
            <line number="304" hits="4"/>
            <line number="305" hits="4"/>
            <line number="307" hits="2"/>
            <line number="308" hits="2"/>
            <line number="309" hits="1"/>
            <line number="314" hits="43"/>
          </lines>
        </class>
      </classes>
    </package>
    <package name="View.php" line-rate="1" branch-rate="0" complexity="4">
      <classes>
        <class name="PrivateBin\View" filename="View.php" line-rate="1" branch-rate="0" complexity="4">
          <methods>
            <method name="assign" signature="$name, $value" line-rate="1" branch-rate="0" complexity="1">
              <lines>
                <line number="41" hits="34"/>
              </lines>
            </method>
            <method name="draw" signature="$template" line-rate="1" branch-rate="0" complexity="3">
              <lines>
                <line number="53" hits="34"/>
                <line number="54" hits="34"/>
                <line number="55" hits="34"/>
                <line number="56" hits="1"/>
                <line number="58" hits="34"/>
                <line number="59" hits="34"/>
              </lines>
            </method>
          </methods>
          <lines>
            <line number="41" hits="34"/>
            <line number="53" hits="34"/>
            <line number="54" hits="34"/>
            <line number="55" hits="34"/>
            <line number="56" hits="1"/>
            <line number="58" hits="34"/>
            <line number="59" hits="34"/>
          </lines>
        </class>
      </classes>
    </package>
    <package name="Vizhash16x16.php" line-rate="0.98591549295775" branch-rate="0" complexity="19">
      <classes>
        <class name="PrivateBin\Vizhash16x16" filename="Vizhash16x16.php" line-rate="0.98591549295775" branch-rate="0" complexity="19">
          <methods>
            <method name="__construct" signature="" line-rate="1" branch-rate="0" complexity="1">
              <lines>
                <line number="67" hits="2"/>
                <line number="68" hits="2"/>
              </lines>
            </method>
            <method name="generate" signature="$text" line-rate="0.96666666666667" branch-rate="0" complexity="5">
              <lines>
                <line number="82" hits="2"/>
                <line number="83" hits="0"/>
                <line number="86" hits="2"/>
                <line number="89" hits="2"/>
                <line number="90" hits="2"/>
                <line number="91" hits="2"/>
                <line number="93" hits="2"/>
                <line number="96" hits="2"/>
                <line number="98" hits="2"/>
                <line number="99" hits="2"/>
                <line number="100" hits="2"/>
                <line number="103" hits="2"/>
                <line number="104" hits="2"/>
                <line number="105" hits="2"/>
                <line number="107" hits="2"/>
                <line number="109" hits="2"/>
                <line number="110" hits="2"/>
                <line number="111" hits="2"/>
                <line number="112" hits="2"/>
                <line number="113" hits="2"/>
                <line number="114" hits="2"/>
                <line number="115" hits="2"/>
                <line number="118" hits="2"/>
                <line number="119" hits="2"/>
                <line number="120" hits="2"/>
                <line number="121" hits="2"/>
                <line number="122" hits="2"/>
                <line number="123" hits="2"/>
                <line number="124" hits="2"/>
                <line number="126" hits="2"/>
              </lines>
            </method>
            <method name="getInt" signature="" line-rate="1" branch-rate="0" complexity="1">
              <lines>
                <line number="137" hits="2"/>
                <line number="138" hits="2"/>
                <line number="139" hits="2"/>
                <line number="140" hits="2"/>
              </lines>
            </method>
            <method name="getX" signature="" line-rate="1" branch-rate="0" complexity="1">
              <lines>
                <line number="151" hits="2"/>
              </lines>
            </method>
            <method name="getY" signature="" line-rate="1" branch-rate="0" complexity="1">
              <lines>
                <line number="162" hits="2"/>
              </lines>
            </method>
            <method name="degrade" signature="$img, $direction, $color1, $color2" line-rate="1" branch-rate="0" complexity="4">
              <lines>
                <line number="180" hits="2"/>
                <line number="181" hits="2"/>
                <line number="182" hits="2"/>
                <line number="184" hits="1"/>
                <line number="185" hits="1"/>
                <line number="187" hits="2"/>
                <line number="188" hits="2"/>
                <line number="189" hits="2"/>
                <line number="190" hits="2"/>
                <line number="191" hits="2"/>
                <line number="192" hits="2"/>
                <line number="193" hits="2"/>
                <line number="194" hits="2"/>
                <line number="195" hits="2"/>
                <line number="196" hits="2"/>
                <line number="197" hits="2"/>
                <line number="199" hits="1"/>
                <line number="202" hits="2"/>
              </lines>
            </method>
            <method name="drawshape" signature="$image, $action, $color" line-rate="1" branch-rate="0" complexity="6">
              <lines>
                <line number="215" hits="2"/>
                <line number="216" hits="2"/>
                <line number="217" hits="2"/>
                <line number="218" hits="2"/>
                <line number="219" hits="2"/>
                <line number="220" hits="2"/>
                <line number="221" hits="2"/>
                <line number="222" hits="2"/>
                <line number="223" hits="2"/>
                <line number="224" hits="1"/>
                <line number="225" hits="1"/>
                <line number="226" hits="1"/>
                <line number="228" hits="2"/>
                <line number="229" hits="2"/>
                <line number="230" hits="2"/>
              </lines>
            </method>
          </methods>
          <lines>
            <line number="67" hits="2"/>
            <line number="68" hits="2"/>
            <line number="82" hits="2"/>
            <line number="83" hits="0"/>
            <line number="86" hits="2"/>
            <line number="89" hits="2"/>
            <line number="90" hits="2"/>
            <line number="91" hits="2"/>
            <line number="93" hits="2"/>
            <line number="96" hits="2"/>
            <line number="98" hits="2"/>
            <line number="99" hits="2"/>
            <line number="100" hits="2"/>
            <line number="103" hits="2"/>
            <line number="104" hits="2"/>
            <line number="105" hits="2"/>
            <line number="107" hits="2"/>
            <line number="109" hits="2"/>
            <line number="110" hits="2"/>
            <line number="111" hits="2"/>
            <line number="112" hits="2"/>
            <line number="113" hits="2"/>
            <line number="114" hits="2"/>
            <line number="115" hits="2"/>
            <line number="118" hits="2"/>
            <line number="119" hits="2"/>
            <line number="120" hits="2"/>
            <line number="121" hits="2"/>
            <line number="122" hits="2"/>
            <line number="123" hits="2"/>
            <line number="124" hits="2"/>
            <line number="126" hits="2"/>
            <line number="137" hits="2"/>
            <line number="138" hits="2"/>
            <line number="139" hits="2"/>
            <line number="140" hits="2"/>
            <line number="151" hits="2"/>
            <line number="162" hits="2"/>
            <line number="180" hits="2"/>
            <line number="181" hits="2"/>
            <line number="182" hits="2"/>
            <line number="184" hits="1"/>
            <line number="185" hits="1"/>
            <line number="187" hits="2"/>
            <line number="188" hits="2"/>
            <line number="189" hits="2"/>
            <line number="190" hits="2"/>
            <line number="191" hits="2"/>
            <line number="192" hits="2"/>
            <line number="193" hits="2"/>
            <line number="194" hits="2"/>
            <line number="195" hits="2"/>
            <line number="196" hits="2"/>
            <line number="197" hits="2"/>
            <line number="199" hits="1"/>
            <line number="202" hits="2"/>
            <line number="215" hits="2"/>
            <line number="216" hits="2"/>
            <line number="217" hits="2"/>
            <line number="218" hits="2"/>
            <line number="219" hits="2"/>
            <line number="220" hits="2"/>
            <line number="221" hits="2"/>
            <line number="222" hits="2"/>
            <line number="223" hits="2"/>
            <line number="224" hits="1"/>
            <line number="225" hits="1"/>
            <line number="226" hits="1"/>
            <line number="228" hits="2"/>
            <line number="229" hits="2"/>
            <line number="230" hits="2"/>
          </lines>
        </class>
      </classes>
    </package>
    <package name="YourlsProxy.php" line-rate="1" branch-rate="0" complexity="11">
      <classes>
        <class name="PrivateBin\YourlsProxy" filename="YourlsProxy.php" line-rate="1" branch-rate="0" complexity="11">
          <methods>
            <method name="__construct" signature="PrivateBin\Configuration $conf, $link" line-rate="1" branch-rate="0" complexity="8">
              <lines>
                <line number="51" hits="6"/>
                <line number="52" hits="1"/>
                <line number="53" hits="1"/>
                <line number="56" hits="5"/>
                <line number="57" hits="5"/>
                <line number="58" hits="1"/>
                <line number="59" hits="1"/>
                <line number="62" hits="4"/>
                <line number="63" hits="4"/>
                <line number="64" hits="4"/>
                <line number="65" hits="4"/>
                <line number="66" hits="4"/>
                <line number="67" hits="4"/>
                <line number="68" hits="4"/>
                <line number="69" hits="4"/>
                <line number="70" hits="4"/>
                <line number="71" hits="4"/>
                <line number="72" hits="4"/>
                <line number="73" hits="4"/>
                <line number="74" hits="4"/>
                <line number="75" hits="4"/>
                <line number="76" hits="4"/>
                <line number="77" hits="4"/>
                <line number="78" hits="4"/>
                <line number="79" hits="4"/>
                <line number="81" hits="4"/>
                <line number="82" hits="1"/>
                <line number="83" hits="1"/>
                <line number="84" hits="1"/>
                <line number="85" hits="1"/>
                <line number="89" hits="3"/>
                <line number="90" hits="3"/>
                <line number="91" hits="3"/>
                <line number="92" hits="3"/>
                <line number="94" hits="2"/>
                <line number="96" hits="1"/>
              </lines>
            </method>
            <method name="getError" signature="" line-rate="1" branch-rate="0" complexity="1">
              <lines>
                <line number="108" hits="4"/>
              </lines>
            </method>
            <method name="getUrl" signature="" line-rate="1" branch-rate="0" complexity="1">
              <lines>
                <line number="119" hits="2"/>
              </lines>
            </method>
            <method name="isError" signature="" line-rate="1" branch-rate="0" complexity="1">
              <lines>
                <line number="130" hits="6"/>
              </lines>
            </method>
          </methods>
          <lines>
            <line number="51" hits="6"/>
            <line number="52" hits="1"/>
            <line number="53" hits="1"/>
            <line number="56" hits="5"/>
            <line number="57" hits="5"/>
            <line number="58" hits="1"/>
            <line number="59" hits="1"/>
            <line number="62" hits="4"/>
            <line number="63" hits="4"/>
            <line number="64" hits="4"/>
            <line number="65" hits="4"/>
            <line number="66" hits="4"/>
            <line number="67" hits="4"/>
            <line number="68" hits="4"/>
            <line number="69" hits="4"/>
            <line number="70" hits="4"/>
            <line number="71" hits="4"/>
            <line number="72" hits="4"/>
            <line number="73" hits="4"/>
            <line number="74" hits="4"/>
            <line number="75" hits="4"/>
            <line number="76" hits="4"/>
            <line number="77" hits="4"/>
            <line number="78" hits="4"/>
            <line number="79" hits="4"/>
            <line number="81" hits="4"/>
            <line number="82" hits="1"/>
            <line number="83" hits="1"/>
            <line number="84" hits="1"/>
            <line number="85" hits="1"/>
            <line number="89" hits="3"/>
            <line number="90" hits="3"/>
            <line number="91" hits="3"/>
            <line number="92" hits="3"/>
            <line number="94" hits="2"/>
            <line number="96" hits="1"/>
            <line number="108" hits="4"/>
            <line number="119" hits="2"/>
            <line number="130" hits="6"/>
          </lines>
        </class>
      </classes>
    </package>
  </packages>
</coverage>
